<?xml version="1.0" encoding="UTF-8"?>
<!-- Generated by org.testng.reporters.JUnitReportReporter -->
<testsuite hostname="iServicesQAsAir" failures="0" tests="1" name="TestNG.SelAddUser" time="5.227" errors="0" timestamp="20 Aug 2018 21:02:34 GMT" skipped="0">
  <testcase classname="TestNG.SelAddUser" name="adduser" time="5.227"/>
</testsuite> <!-- TestNG.SelAddUser -->
