<?xml version="1.0" encoding="UTF-8"?>
<!-- Generated by org.testng.reporters.JUnitReportReporter -->
<testsuite hostname="iServicesQAsAir" failures="0" tests="1" name="TestNG.SelValidateUser" time="3.496" errors="0" timestamp="20 Aug 2018 21:02:34 GMT" skipped="0">
  <testcase classname="TestNG.SelValidateUser" name="validateuser" time="3.496"/>
</testsuite> <!-- TestNG.SelValidateUser -->
